Using pre-set license
Built from '2020.3/release' branch; Version is '2020.3.12f1 (b3b2c6512326) revision 11776710'; Using compiler version '192528614'; Build Type 'Release'
OS: 'Windows 10 Pro; OS build 19044.2006; Version 2009; 64bit' Language: 'ko' Physical Memory: 16322 MB
BatchMode: 1, IsHumanControllingUs: 0, StartBugReporterOnCrash: 0, Is64bit: 1, IsPro: 0

 COMMAND LINE ARGUMENTS:
C:\Program Files\Unity\Hub\Editor\2020.3.12f1\Editor\Unity.exe
-adb2
-batchMode
-noUpm
-name
AssetImportWorker0
-projectPath
C:/Users/serio/OneDrive/바탕 화면/ProjectSCC/ProjectSCC
-logFile
Logs/AssetImportWorker0.log
-srvPort
13901
Successfully changed project path to: C:/Users/serio/OneDrive/바탕 화면/ProjectSCC/ProjectSCC
C:/Users/serio/OneDrive/바탕 화면/ProjectSCC/ProjectSCC
Using Asset Import Pipeline V2.
Refreshing native plugins compatible for Editor in 40.32 ms, found 3 plugins.
Preloading 0 native plugins for Editor in 0.00 ms.
Initialize engine version: 2020.3.12f1 (b3b2c6512326)
[Subsystems] Discovering subsystems at path C:/Program Files/Unity/Hub/Editor/2020.3.12f1/Editor/Data/Resources/UnitySubsystems
[Subsystems] Discovering subsystems at path C:/Users/serio/OneDrive/바탕 화면/ProjectSCC/ProjectSCC/Assets
GfxDevice: creating device client; threaded=0
Direct3D:
    Version:  Direct3D 11.0 [level 11.1]
    Renderer: NVIDIA GeForce RTX 3060 Ti (ID=0x2489)
    Vendor:   
    VRAM:     8050 MB
    Driver:   30.0.15.1215
Initialize mono
Mono path[0] = 'C:/Program Files/Unity/Hub/Editor/2020.3.12f1/Editor/Data/Managed'
Mono path[1] = 'C:/Program Files/Unity/Hub/Editor/2020.3.12f1/Editor/Data/MonoBleedingEdge/lib/mono/unityjit'
Mono config path = 'C:/Program Files/Unity/Hub/Editor/2020.3.12f1/Editor/Data/MonoBleedingEdge/etc'
Using monoOptions --debugger-agent=transport=dt_socket,embedding=1,server=y,suspend=n,address=127.0.0.1:56624
Begin MonoManager ReloadAssembly
Registering precompiled unity dll's ...
Register platform support module: C:/Program Files/Unity/Hub/Editor/2020.3.12f1/Editor/Data/PlaybackEngines/WindowsStandaloneSupport/UnityEditor.WindowsStandalone.Extensions.dll
Registered in 0.003217 seconds.
Native extension for WindowsStandalone target not found
Refreshing native plugins compatible for Editor in 38.36 ms, found 3 plugins.
Preloading 0 native plugins for Editor in 0.00 ms.
Mono: successfully reloaded assembly
- Completed reload, in  2.379 seconds
Platform modules already initialized, skipping
Registering precompiled user dll's ...
Registered in 0.006539 seconds.
Begin MonoManager ReloadAssembly
Native extension for WindowsStandalone target not found
Refreshing native plugins compatible for Editor in 37.40 ms, found 3 plugins.
Preloading 0 native plugins for Editor in 0.00 ms.
Mono: successfully reloaded assembly
- Completed reload, in  1.119 seconds
Platform modules already initialized, skipping
========================================================================
Worker process is ready to serve import requests
Launched and connected shader compiler UnityShaderCompiler.exe after 0.04 seconds
Refreshing native plugins compatible for Editor in 0.43 ms, found 3 plugins.
Preloading 0 native plugins for Editor in 0.00 ms.
Unloading 2089 Unused Serialized files (Serialized files now loaded: 0)
System memory in use before: 95.7 MB.
System memory in use after: 95.6 MB.

Unloading 33 unused Assets to reduce memory usage. Loaded Objects now: 2523.
Total: 1.976200 ms (FindLiveObjects: 0.187700 ms CreateObjectMapping: 0.086900 ms MarkObjects: 1.596600 ms  DeleteObjects: 0.104000 ms)

AssetImportParameters requested are different than current active one (requested -> active):
  custom:framework-win-MediaFoundation: 216162199b28c13a410421893ffa2e32 -> 
  custom:video-decoder-ogg-theora: a1e56fd34408186e4bbccfd4996cb3dc -> 
  custom:container-muxer-webm: aa71ff27fc2769a1b78a27578f13a17b -> 
  custom:container-demuxer-webm: 4f35f7cbe854078d1ac9338744f61a02 -> 
  custom:container-demuxer-ogg: 62fdf1f143b41e24485cea50d1cbac27 -> 
  custom:video-encoder-webm-vp8: eb34c28f22e8b96e1ab97ce403110664 -> 
  custom:video-decoder-webm-vp8: 9c59270c3fd7afecdb556c50c9e8de78 -> 
  custom:audio-decoder-ogg-vorbis: bf7c407c2cedff20999df2af8eb42d56 -> 
  custom:audio-encoder-webm-vorbis: bf7c407c2cedff20999df2af8eb42d56 -> 
========================================================================
Received Import Request.
  path: Assets/Scripts/CA
  artifactKey: Guid(283084a3b7653bd41b364b9b800b8b76) Importer(815301076,1909f56bfc062723c751e8b465ee728b)
Start importing Assets/Scripts/CA using Guid(283084a3b7653bd41b364b9b800b8b76) Importer(815301076,1909f56bfc062723c751e8b465ee728b)  -> (artifact id: '875352eb4a4dad1007d5be1c7b4b9d3a') in 0.007980 seconds 
  Import took 0.010764 seconds .

========================================================================
Received Import Request.
  Time since last request: 0.000329 seconds.
  path: Assets/Scripts/PN
  artifactKey: Guid(15e9c9c1163927f43bdbe698002a41e9) Importer(815301076,1909f56bfc062723c751e8b465ee728b)
Start importing Assets/Scripts/PN using Guid(15e9c9c1163927f43bdbe698002a41e9) Importer(815301076,1909f56bfc062723c751e8b465ee728b)  -> (artifact id: '84c9880df9d23f3b0c20c552e9ca6e8e') in 0.005797 seconds 
  Import took 0.008715 seconds .

========================================================================
Received Import Request.
  Time since last request: 0.000245 seconds.
  path: Assets/Scripts/PN/PerlinNoise.cs
  artifactKey: Guid(3c05aed802d1c90428e0bc28c618d2ed) Importer(815301076,1909f56bfc062723c751e8b465ee728b)
Start importing Assets/Scripts/PN/PerlinNoise.cs using Guid(3c05aed802d1c90428e0bc28c618d2ed) Importer(815301076,1909f56bfc062723c751e8b465ee728b)  -> (artifact id: '2aecbeea5ab59b77ecf097519dd2354c') in 0.032933 seconds 
  Import took 0.036744 seconds .

========================================================================
Received Import Request.
  Time since last request: 0.000202 seconds.
  path: Assets/Scripts/CA/CA.cs
  artifactKey: Guid(6debf39221fe2cf43ac3cb088be49608) Importer(815301076,1909f56bfc062723c751e8b465ee728b)
Start importing Assets/Scripts/CA/CA.cs using Guid(6debf39221fe2cf43ac3cb088be49608) Importer(815301076,1909f56bfc062723c751e8b465ee728b)  -> (artifact id: '032b395f7c51ff4fe7f8283f9eb6200c') in 0.002565 seconds 
  Import took 0.005614 seconds .

========================================================================
Received Import Request.
  Time since last request: 0.000214 seconds.
  path: Assets/Scripts/CA/CAManager.cs
  artifactKey: Guid(e3dc4cf4233076c4cb9cde8693a388c8) Importer(815301076,1909f56bfc062723c751e8b465ee728b)
Start importing Assets/Scripts/CA/CAManager.cs using Guid(e3dc4cf4233076c4cb9cde8693a388c8) Importer(815301076,1909f56bfc062723c751e8b465ee728b)  -> (artifact id: '2e0e580bdec686c2fe4b0e3fa3049309') in 0.005736 seconds 
  Import took 0.009377 seconds .

========================================================================
Received Import Request.
  Time since last request: 0.074485 seconds.
  path: Assets/Scripts/PN/PerlinManager.cs
  artifactKey: Guid(404ed326ce18a694ea9ca9b35a3fe5f4) Importer(815301076,1909f56bfc062723c751e8b465ee728b)
Start importing Assets/Scripts/PN/PerlinManager.cs using Guid(404ed326ce18a694ea9ca9b35a3fe5f4) Importer(815301076,1909f56bfc062723c751e8b465ee728b)  -> (artifact id: 'ef693cef9770b95ee461db01d03881d4') in 0.005709 seconds 
  Import took 0.009252 seconds .

AssetImportWorkerClient::OnTransportError - code=2 error=End of file
